<?xml version="1.0" encoding="UTF-8"?>
<!-- Generated by org.testng.reporters.JUnitXMLReporter -->
<testsuite ignored="0" hostname="LAPTOP-LG5AILSV" failures="0" tests="14" name="Chrome Test" time="56.983" errors="0" timestamp="2026-04-25T01:21:41 IST">
  <testcase classname="tests.SmokeTest" name="verifyHomePageLoaded" time="0.605"/>
  <testcase classname="tests.SmokeTest" name="verifyNavigationMenuItems" time="0.393"/>
  <testcase classname="tests.SmokeTest" name="verifyFeaturedProductsDisplayed" time="0.697"/>
  <testcase classname="tests.SmokeTest" name="verifySubscriptionSectionVisible" time="0.106"/>
  <testcase classname="tests.SmokeTest" name="verifyNavigationToSignupLogin" time="4.073"/>
  <testcase classname="tests.SmokeTest" name="verifyNewUserRegistration" time="7.063"/>
  <testcase classname="tests.SmokeTest" name="verifyAddToCartFromHomePage" time="3.751"/>
  <testcase classname="tests.SmokeTest" name="verifyLoggedInUsernameVisible" time="0.26"/>
  <testcase classname="tests.SmokeTest" name="verifyProductsInCart" time="0.135"/>
  <testcase classname="tests.SmokeTest" name="verifyProceedToCheckout" time="1.368"/>
  <testcase classname="tests.SmokeTest" name="verifyPaymentPage" time="1.467"/>
  <testcase classname="tests.SmokeTest" name="verifyOrderIsPlaced" time="5.787"/>
  <testcase classname="tests.SmokeTest" name="verifyLogOut" time="1.598"/>
  <testcase classname="tests.SmokeTest" name="verifyDeleteAccount" time="4.998"/>
</testsuite> <!-- Chrome Test -->
