<?xml version="1.0" encoding="UTF-8"?>
<!-- Generated by org.testng.reporters.JUnitXMLReporter -->
<testsuite ignored="0" hostname="LAPTOP-LG5AILSV" failures="0" tests="14" name="Edge Test" time="56.233" errors="0" timestamp="2026-04-25T01:21:41 IST">
  <testcase classname="tests.SmokeTest" name="verifyHomePageLoaded" time="0.179"/>
  <testcase classname="tests.SmokeTest" name="verifyNavigationMenuItems" time="0.4"/>
  <testcase classname="tests.SmokeTest" name="verifyFeaturedProductsDisplayed" time="0.809"/>
  <testcase classname="tests.SmokeTest" name="verifySubscriptionSectionVisible" time="0.104"/>
  <testcase classname="tests.SmokeTest" name="verifyNavigationToSignupLogin" time="3.605"/>
  <testcase classname="tests.SmokeTest" name="verifyNewUserRegistration" time="6.619"/>
  <testcase classname="tests.SmokeTest" name="verifyAddToCartFromHomePage" time="4.249"/>
  <testcase classname="tests.SmokeTest" name="verifyLoggedInUsernameVisible" time="0.166"/>
  <testcase classname="tests.SmokeTest" name="verifyProductsInCart" time="0.098"/>
  <testcase classname="tests.SmokeTest" name="verifyProceedToCheckout" time="1.562"/>
  <testcase classname="tests.SmokeTest" name="verifyPaymentPage" time="1.199"/>
  <testcase classname="tests.SmokeTest" name="verifyOrderIsPlaced" time="5.884"/>
  <testcase classname="tests.SmokeTest" name="verifyLogOut" time="1.45"/>
  <testcase classname="tests.SmokeTest" name="verifyDeleteAccount" time="4.907"/>
</testsuite> <!-- Edge Test -->
