<?xml version="1.0" encoding="UTF-8"?>
<!-- Generated by org.testng.reporters.JUnitXMLReporter -->
<testsuite ignored="3" hostname="LAPTOP-LG5AILSV" failures="0" tests="3" name="ChromeTest" time="0.128" errors="0" timestamp="2026-04-05T17:58:53 IST">
  <testcase classname="tests.RegressionTest" name="verifyNavigationMenuItems" time="0.037">
    <skipped/>
  </testcase> <!-- verifyNavigationMenuItems -->
  <testcase classname="tests.RegressionTest" name="verifyNavigationMenuItems" time="0.0">
    <skipped/>
  </testcase> <!-- verifyNavigationMenuItems -->
  <testcase classname="tests.RegressionTest" name="verifyNavigationMenuItems" time="0.005">
    <skipped/>
  </testcase> <!-- verifyNavigationMenuItems -->
  <testcase classname="tests.RegressionTest" name="verifyLogin" time="0.0">
    <ignored/>
  </testcase> <!-- verifyLogin -->
  <testcase classname="tests.RegressionTest" name="verifyHomePageLoaded" time="0.0">
    <ignored/>
  </testcase> <!-- verifyHomePageLoaded -->
  <testcase classname="tests.RegressionTest" name="verifyNewUserRegistration" time="0.0">
    <ignored/>
  </testcase> <!-- verifyNewUserRegistration -->
</testsuite> <!-- ChromeTest -->
