<?xml version="1.0" encoding="UTF-8"?>
<testng-results ignored="0" total="0" passed="0" failed="0" skipped="0">
  <reporter-output>
  </reporter-output>
  <suite started-at="2026-04-05T17:58:53 IST" name="Latest" finished-at="2026-04-05T17:58:53 IST" duration-ms="0">
    <groups>
      <group name="verifyNewFeature">
        <method signature="RegressionTest.verifyNavigationMenuItems()[pri:0, instance:tests.RegressionTest@6e535154]" name="verifyNavigationMenuItems" class="tests.RegressionTest"/>
        <method signature="RegressionTest.verifyNavigationMenuItems()[pri:0, instance:tests.RegressionTest@7fb4f2a9]" name="verifyNavigationMenuItems" class="tests.RegressionTest"/>
      </group> <!-- verifyNewFeature -->
    </groups>
  </suite> <!-- Latest -->
</testng-results>
