<?xml version="1.0" encoding="UTF-8"?>
<!-- Generated by org.testng.reporters.JUnitXMLReporter -->
<testsuite ignored="4" hostname="LAPTOP-LG5AILSV" failures="0" tests="0" time="0.011" errors="0" timestamp="2026-04-05T16:30:48 IST">
  <testcase classname="tests.RegressionTest" name="verifyNavigationMenuItems" time="0.0">
    <ignored/>
  </testcase> <!-- verifyNavigationMenuItems -->
  <testcase classname="tests.RegressionTest" name="verifyNewUserRegistration" time="0.0">
    <ignored/>
  </testcase> <!-- verifyNewUserRegistration -->
  <testcase classname="tests.RegressionTest" name="verifyLogin" time="0.0">
    <ignored/>
  </testcase> <!-- verifyLogin -->
  <testcase classname="tests.RegressionTest" name="verifyHomePageLoaded" time="0.0">
    <ignored/>
  </testcase> <!-- verifyHomePageLoaded -->
</testsuite>
