<?xml version="1.0" encoding="UTF-8"?>
<!-- Generated by org.testng.reporters.JUnitReportReporter -->
<testsuite hostname="LAPTOP-LG5AILSV" failures="0" tests="28" name="tests.SmokeTest" time="65.088" errors="0" timestamp="2026-04-25T01:21:41 IST" skipped="0">
  <testcase classname="tests.SmokeTest" name="verifyHomePageLoaded" time="0.622"/>
  <testcase classname="tests.SmokeTest" name="verifyHomePageLoaded" time="0.532"/>
  <testcase classname="tests.SmokeTest" name="verifyNavigationMenuItems" time="0.443"/>
  <testcase classname="tests.SmokeTest" name="verifyNavigationMenuItems" time="0.416"/>
  <testcase classname="tests.SmokeTest" name="verifyFeaturedProductsDisplayed" time="0.846"/>
  <testcase classname="tests.SmokeTest" name="verifyFeaturedProductsDisplayed" time="0.719"/>
  <testcase classname="tests.SmokeTest" name="verifySubscriptionSectionVisible" time="0.127"/>
  <testcase classname="tests.SmokeTest" name="verifySubscriptionSectionVisible" time="0.166"/>
  <testcase classname="tests.SmokeTest" name="verifyNavigationToSignupLogin" time="3.624"/>
  <testcase classname="tests.SmokeTest" name="verifyNavigationToSignupLogin" time="4.090"/>
  <testcase classname="tests.SmokeTest" name="verifyNewUserRegistration" time="7.093"/>
  <testcase classname="tests.SmokeTest" name="verifyNewUserRegistration" time="6.634"/>
  <testcase classname="tests.SmokeTest" name="verifyAddToCartFromHomePage" time="4.263"/>
  <testcase classname="tests.SmokeTest" name="verifyLoggedInUsernameVisible" time="0.178"/>
  <testcase classname="tests.SmokeTest" name="verifyAddToCartFromHomePage" time="3.766"/>
  <testcase classname="tests.SmokeTest" name="verifyLoggedInUsernameVisible" time="0.329"/>
  <testcase classname="tests.SmokeTest" name="verifyProductsInCart" time="0.175"/>
  <testcase classname="tests.SmokeTest" name="verifyProductsInCart" time="0.113"/>
  <testcase classname="tests.SmokeTest" name="verifyProceedToCheckout" time="1.392"/>
  <testcase classname="tests.SmokeTest" name="verifyProceedToCheckout" time="1.580"/>
  <testcase classname="tests.SmokeTest" name="verifyPaymentPage" time="1.481"/>
  <testcase classname="tests.SmokeTest" name="verifyPaymentPage" time="1.283"/>
  <testcase classname="tests.SmokeTest" name="verifyOrderIsPlaced" time="5.947"/>
  <testcase classname="tests.SmokeTest" name="verifyOrderIsPlaced" time="5.802"/>
  <testcase classname="tests.SmokeTest" name="verifyLogOut" time="1.502"/>
  <testcase classname="tests.SmokeTest" name="verifyLogOut" time="1.807"/>
  <testcase classname="tests.SmokeTest" name="verifyDeleteAccount" time="5.149"/>
  <testcase classname="tests.SmokeTest" name="verifyDeleteAccount" time="5.009"/>
</testsuite> <!-- tests.SmokeTest -->
